<?xml version="1.0" encoding="UTF-8"?>
<testng-results skipped="0" failed="0" ignored="0" total="1" passed="1">
  <reporter-output>
  </reporter-output>
  <suite name="Default suite" duration-ms="28762" started-at="2021-09-13T16:52:23 IST" finished-at="2021-09-13T16:52:52 IST">
    <groups>
    </groups>
    <test name="Default test" duration-ms="28762" started-at="2021-09-13T16:52:23 IST" finished-at="2021-09-13T16:52:52 IST">
      <class name="shoppingCart.TS_08Test">
        <test-method status="PASS" signature="LaunchBrowser()[pri:0, instance:shoppingCart.TS_08Test@78e67e0a]" name="LaunchBrowser" is-config="true" duration-ms="4477" started-at="2021-09-13T16:52:23 IST" finished-at="2021-09-13T16:52:27 IST">
          <reporter-output>
          </reporter-output>
        </test-method> <!-- LaunchBrowser -->
        <test-method status="PASS" signature="removing_Multiple_Product_To_Cart_and_Validating()[pri:0, instance:shoppingCart.TS_08Test@78e67e0a]" name="removing_Multiple_Product_To_Cart_and_Validating" duration-ms="23571" started-at="2021-09-13T16:52:27 IST" finished-at="2021-09-13T16:52:51 IST">
          <reporter-output>
          </reporter-output>
        </test-method> <!-- removing_Multiple_Product_To_Cart_and_Validating -->
        <test-method status="PASS" signature="AfterExecution()[pri:0, instance:shoppingCart.TS_08Test@78e67e0a]" name="AfterExecution" is-config="true" duration-ms="674" started-at="2021-09-13T16:52:51 IST" finished-at="2021-09-13T16:52:52 IST">
          <reporter-output>
          </reporter-output>
        </test-method> <!-- AfterExecution -->
      </class> <!-- shoppingCart.TS_08Test -->
    </test> <!-- Default test -->
  </suite> <!-- Default suite -->
</testng-results>
