<?xml version="1.0" encoding="UTF-8"?>
<!-- Generated by org.testng.reporters.JUnitXMLReporter -->
<testsuite hostname="LAPTOP-I51FBD39" ignored="0" name="Test" tests="11" failures="0" timestamp="2021-09-14T10:01:19 IST" time="121.537" errors="0">
  <testcase name="Validate_the_user_registration_with_valid_data" time="2.853" classname="registerModule.TS_01Test"/>
  <testcase name="Validate_the_user_registration_with_invalid_data" time="1.96" classname="registerModule.TS_02Test"/>
  <testcase name="Validate_the_user_login_with_the_valid_email_and_password" time="2.173" classname="loginModule.TS_03Test"/>
  <testcase name="Validate_the_user_login_with_the_invalid_email_and_password" time="1.719" classname="loginModule.TS_04Test"/>
  <testcase name="adding_Single_Product_To_Cart_and_Validating" time="0.864" classname="shoppingCart.TS_05Test"/>
  <testcase name="adding_Multiple_Product_To_Cart_and_Validating" time="5.223" classname="shoppingCart.TS_06Test"/>
  <testcase name="removing_Single_Product_To_Cart_and_Validating" time="1.777" classname="shoppingCart.TS_07Test"/>
  <testcase name="removing_Multiple_Product_To_Cart_and_Validating" time="22.241" classname="shoppingCart.TS_08Test"/>
  <testcase name="Validate_the_user_can_estimate_the_shipping_with_valid_destination" time="9.818" classname="billingModule.TS_09Test"/>
  <testcase name="Validate_the_user_can_checkout_by_agreeing_the_terms_and_conditions" time="13.266" classname="Acccept.TS_10Test"/>
  <testcase name="validate_the_user_can_contact_customer_care_for_enquiry" time="2.91" classname="enquiry.TS_11Test"/>
</testsuite> <!-- Test -->
